#! /usr/bin/vvp
:ivl_version "10.1 (stable)";
:ivl_delay_selection "TYPICAL";
:vpi_time_precision - 12;
:vpi_module "system";
:vpi_module "vhdl_sys";
:vpi_module "v2005_math";
:vpi_module "va_math";
S_0x5590bda9b030 .scope module, "testerComunicaionPS" "testerComunicaionPS" 2 12;
 .timescale -9 -12;
v0x5590bdac5e60_0 .var "clk", 0 0;
v0x5590bdac5f50_0 .var "entradasPS", 9 0;
v0x5590bdac6010_0 .net "salidaPS", 0 0, v0x5590bdac5730_0;  1 drivers
v0x5590bdac6130_0 .net "salidasSP", 9 0, v0x5590bdac5d40_0;  1 drivers
S_0x5590bda9b1b0 .scope module, "emisor" "paraleloSerial" 2 22, 3 3 0, S_0x5590bda9b030;
 .timescale -9 -12;
    .port_info 0 /INPUT 10 "entradas"
    .port_info 1 /OUTPUT 1 "salida"
    .port_info 2 /INPUT 1 "clk"
v0x5590bda9ce20_0 .net "clk", 0 0, v0x5590bdac5e60_0;  1 drivers
v0x5590bdac5560_0 .var/i "contador", 31 0;
v0x5590bdac5640_0 .net "entradas", 9 0, v0x5590bdac5f50_0;  1 drivers
v0x5590bdac5730_0 .var "salida", 0 0;
E_0x5590bda9d5e0 .event posedge, v0x5590bda9ce20_0;
S_0x5590bdac5870 .scope module, "receptor" "serialParalelo" 2 28, 4 3 0, S_0x5590bda9b030;
 .timescale -9 -12;
    .port_info 0 /INPUT 1 "entrada"
    .port_info 1 /OUTPUT 10 "salidas"
    .port_info 2 /INPUT 1 "clk"
v0x5590bdac5a90_0 .net "clk", 0 0, v0x5590bdac5e60_0;  alias, 1 drivers
v0x5590bdac5b80_0 .var/i "contador", 31 0;
v0x5590bdac5c40_0 .net "entrada", 0 0, v0x5590bdac5730_0;  alias, 1 drivers
v0x5590bdac5d40_0 .var "salidas", 9 0;
    .scope S_0x5590bda9b1b0;
T_0 ;
    %pushi/vec4 0, 0, 32;
    %store/vec4 v0x5590bdac5560_0, 0, 32;
    %end;
    .thread T_0;
    .scope S_0x5590bda9b1b0;
T_1 ;
    %wait E_0x5590bda9d5e0;
    %load/vec4 v0x5590bdac5640_0;
    %load/vec4 v0x5590bdac5560_0;
    %part/s 1;
    %store/vec4 v0x5590bdac5730_0, 0, 1;
    %load/vec4 v0x5590bdac5560_0;
    %pushi/vec4 1, 0, 32;
    %add;
    %store/vec4 v0x5590bdac5560_0, 0, 32;
    %load/vec4 v0x5590bdac5560_0;
    %cmpi/e 10, 0, 32;
    %jmp/0xz  T_1.0, 4;
    %pushi/vec4 0, 0, 32;
    %store/vec4 v0x5590bdac5560_0, 0, 32;
T_1.0 ;
    %jmp T_1;
    .thread T_1;
    .scope S_0x5590bdac5870;
T_2 ;
    %pushi/vec4 0, 0, 32;
    %store/vec4 v0x5590bdac5b80_0, 0, 32;
    %end;
    .thread T_2;
    .scope S_0x5590bdac5870;
T_3 ;
    %wait E_0x5590bda9d5e0;
    %load/vec4 v0x5590bdac5c40_0;
    %ix/getv/s 4, v0x5590bdac5b80_0;
    %store/vec4 v0x5590bdac5d40_0, 4, 1;
    %load/vec4 v0x5590bdac5b80_0;
    %pushi/vec4 1, 0, 32;
    %add;
    %store/vec4 v0x5590bdac5b80_0, 0, 32;
    %load/vec4 v0x5590bdac5b80_0;
    %cmpi/e 10, 0, 32;
    %jmp/0xz  T_3.0, 4;
    %pushi/vec4 0, 0, 32;
    %store/vec4 v0x5590bdac5b80_0, 0, 32;
T_3.0 ;
    %jmp T_3;
    .thread T_3;
    .scope S_0x5590bda9b030;
T_4 ;
    %delay 10400, 0;
    %load/vec4 v0x5590bdac5e60_0;
    %inv;
    %store/vec4 v0x5590bdac5e60_0, 0, 1;
    %jmp T_4;
    .thread T_4;
    .scope S_0x5590bda9b030;
T_5 ;
    %delay 10400, 0;
    %pushi/vec4 0, 0, 1;
    %store/vec4 v0x5590bdac5e60_0, 0, 1;
    %pushi/vec4 661, 0, 10;
    %store/vec4 v0x5590bdac5f50_0, 0, 10;
    %delay 208000, 0;
    %pushi/vec4 992, 0, 10;
    %store/vec4 v0x5590bdac5f50_0, 0, 10;
    %delay 208000, 0;
    %pushi/vec4 31, 0, 10;
    %store/vec4 v0x5590bdac5f50_0, 0, 10;
    %delay 208000, 0;
    %vpi_call 2 53 "$finish" {0 0 0};
    %end;
    .thread T_5;
    .scope S_0x5590bda9b030;
T_6 ;
    %vpi_call 2 58 "$dumpfile", "testComSerialParalelo.vcd" {0 0 0};
    %vpi_call 2 59 "$dumpvars" {0 0 0};
    %vpi_call 2 60 "$display", "\011\011tiempo    |clk |   entradaPS   |salPS|  salidaSP   | contadorE |contadorR | timepo en escala usada" {0 0 0};
    %vpi_call 2 61 "$monitor", "%t      | %b  |   %b  |  %b  | %b  |%d|%d| %f ns", $time, v0x5590bdac5e60_0, v0x5590bdac5f50_0, v0x5590bdac6010_0, v0x5590bdac6130_0, v0x5590bdac5b80_0, v0x5590bdac5560_0, $realtime {0 0 0};
    %end;
    .thread T_6;
# The file index is used to find the file name in the following table.
:file_names 5;
    "N/A";
    "<interactive>";
    "paraleloSerial_tb.v";
    "paraleloSerial.v";
    "serialParalelo.v";
